<?xml version="1.0" encoding="UTF-8"?>
<!-- Generated by org.testng.reporters.JUnitXMLReporter -->
<testsuite ignored="4" hostname="LAPTOP-5PS7DEO7" failures="5" tests="25" name="Test" time="155.34" errors="0" timestamp="2024-07-21T18:09:13 IST">
  <testcase classname="ictInternshipPortal.LoginTC" name="TC_IP_1_1_1" time="0.062"/>
  <testcase classname="ictInternshipPortal.LoginTC" name="TC_IP_1_2_1" time="1.866"/>
  <testcase classname="ictInternshipPortal.LoginTC" name="TC_IP_1_2_2" time="1.984"/>
  <testcase classname="ictInternshipPortal.LoginTC" name="TC_IP_1_2_3" time="1.381"/>
  <testcase classname="ictInternshipPortal.LoginTC" name="TC_IP_1_2_6" time="1.784"/>
  <testcase classname="ictInternshipPortal.LoginTC" name="TC_IP_1_2_4" time="20.603"/>
  <testcase classname="ictInternshipPortal.LoginTC" name="TC_IP_1_2_5" time="40.969">
    <failure type="java.lang.AssertionError" message="expected [Please enter your password] but found [Password must be at least 8 characters]">
      <![CDATA[java.lang.AssertionError: expected [Please enter your password] but found [Password must be at least 8 characters]
at ictInternshipPortal.LoginTC.TC_IP_1_2_5(LoginTC.java:95)
at java.base/java.util.ArrayList.forEach(ArrayList.java:1596)
... Removed 31 stack frames]]>
    </failure>
  </testcase> <!-- TC_IP_1_2_5 -->
  <testcase classname="ictInternshipPortal.AdminDashboardTC" name="TC_IP_1_4_1" time="7.55"/>
  <testcase classname="ictInternshipPortal.AdminDashboardTC" name="TC_IP_1_4_2" time="3.103"/>
  <testcase classname="ictInternshipPortal.AdminDashboardTC" name="TC_IP_1_4_3" time="3.007"/>
  <testcase classname="ictInternshipPortal.AdminDashboardTC" name="TC_IP_1_4_4" time="4.449"/>
  <testcase classname="ictInternshipPortal.AdminDashboardTC" name="TC_IP_1_4_5" time="3.683">
    <failure type="java.lang.AssertionError" message="expected [false] but found [true]">
      <![CDATA[java.lang.AssertionError: expected [false] but found [true]
at ictInternshipPortal.AdminDashboardTC.TC_IP_1_4_5(AdminDashboardTC.java:96)
at java.base/java.util.ArrayList.forEach(ArrayList.java:1596)
... Removed 31 stack frames]]>
    </failure>
  </testcase> <!-- TC_IP_1_4_5 -->
  <testcase classname="ictInternshipPortal.AdminDashboardTC" name="TC_IP_1_4_6" time="2.853"/>
  <testcase classname="ictInternshipPortal.AdminDashboardTC" name="TC_IP_1_4_7" time="0.991"/>
  <testcase classname="ictInternshipPortal.AdminDashboardTC" name="TC_IP_1_4_8" time="6.066"/>
  <testcase classname="ictInternshipPortal.AdminDashboardTC" name="TC_IP_1_4_9" time="11.3">
    <failure type="java.lang.AssertionError" message="expected [true] but found [false]">
      <![CDATA[java.lang.AssertionError: expected [true] but found [false]
at ictInternshipPortal.AdminDashboardTC.TC_IP_1_4_9(AdminDashboardTC.java:163)
at java.base/java.util.ArrayList.forEach(ArrayList.java:1596)
... Removed 31 stack frames]]>
    </failure>
  </testcase> <!-- TC_IP_1_4_9 -->
  <testcase classname="ictInternshipPortal.MentorDashboardTC" name="TC_IP_1_3_1" time="5.449"/>
  <testcase classname="ictInternshipPortal.MentorDashboardTC" name="TC_IP_1_3_2" time="2.775"/>
  <testcase classname="ictInternshipPortal.MentorDashboardTC" name="TC_IP_1_3_3" time="3.579">
    <failure type="java.lang.AssertionError" message="expected [true] but found [false]">
      <![CDATA[java.lang.AssertionError: expected [true] but found [false]
at ictInternshipPortal.MentorDashboardTC.TC_IP_1_3_3(MentorDashboardTC.java:61)
at java.base/java.util.ArrayList.forEach(ArrayList.java:1596)
... Removed 31 stack frames]]>
    </failure>
  </testcase> <!-- TC_IP_1_3_3 -->
  <testcase classname="ictInternshipPortal.MentorDashboardTC" name="TC_IP_1_3_4_6" time="5.076"/>
  <testcase classname="ictInternshipPortal.MentorDashboardTC" name="TC_IP_1_3_5" time="4.08"/>
  <testcase classname="ictInternshipPortal.MentorDashboardTC" name="TC_IP_1_3_7" time="2.763"/>
  <testcase classname="ictInternshipPortal.MentorDashboardTC" name="TC_IP_1_3_8" time="12.63">
    <failure type="java.lang.AssertionError" message="expected [true] but found [false]">
      <![CDATA[java.lang.AssertionError: expected [true] but found [false]
at ictInternshipPortal.MentorDashboardTC.TC_IP_1_3_8(MentorDashboardTC.java:121)
at java.base/java.util.ArrayList.forEach(ArrayList.java:1596)
... Removed 31 stack frames]]>
    </failure>
  </testcase> <!-- TC_IP_1_3_8 -->
  <testcase classname="ictInternshipPortal.MentorDashboardTC" name="TC_IP_1_3_9" time="6.246"/>
  <testcase classname="ictInternshipPortal.MentorDashboardTC" name="TC_IP_1_3_10" time="1.005"/>
  <testcase classname="ictInternshipPortal.TestBase" name="@AfterSuite new_setup" time="0.0">
    <ignored/>
  </testcase> <!-- @AfterSuite new_setup -->
  <testcase classname="ictInternshipPortal.TestBase" name="@AfterSuite new_setup" time="0.0">
    <ignored/>
  </testcase> <!-- @AfterSuite new_setup -->
  <testcase classname="ictInternshipPortal.TestBase" name="@BeforeSuite launch" time="0.0">
    <ignored/>
  </testcase> <!-- @BeforeSuite launch -->
  <testcase classname="ictInternshipPortal.TestBase" name="@BeforeSuite launch" time="0.0">
    <ignored/>
  </testcase> <!-- @BeforeSuite launch -->
</testsuite> <!-- Test -->
